<?xml version="1.0" encoding="UTF-8"?>
<testsuite xmlns:xsi="http://www.w3.org/2001/XMLSchema-instance" xsi:schemaLocation="https://maven.apache.org/surefire/maven-surefire-plugin/xsd/surefire-test-report.xsd" name=" vn.com.shensmartcity.selenium.welcome.HelloIT" time="0.11" tests="1" errors="1" skipped="0" failures="0">
  <properties>
[...]
</properties>
  <testcase name="testHelloWorld" classname=" vn.com.shensmartcity.selenium.welcome.HelloIT" time="0.008">
    <error message="Unresolved compilation problem: &#10;	The declared package &quot;vn.com.shensmartcity.selenium.welcome&quot; does not match the expected package &quot; vn.com.shensmartcity.selenium.welcome&quot;&#10;" type="java.lang.Error"><![CDATA[java.lang.Error: 
Unresolved compilation problem: 
	The declared package "vn.com.shensmartcity.selenium.welcome" does not match the expected package " vn.com.shensmartcity.selenium.welcome"

	at  vn.com.shensmartcity.selenium.welcome.HelloIT.<init>(HelloIT.java:1)
]]></error>
    <system-out><![CDATA[16:16:54.708 [main] DEBUG org.springframework.test.context.junit4.SpringJUnit4ClassRunner - SpringJUnit4ClassRunner constructor called with [class  vn.com.shensmartcity.selenium.welcome.HelloIT]
16:16:54.766 [main] DEBUG org.springframework.test.context.BootstrapUtils - Instantiating CacheAwareContextLoaderDelegate from class [org.springframework.test.context.cache.DefaultCacheAwareContextLoaderDelegate]
16:16:54.865 [main] DEBUG org.springframework.test.context.BootstrapUtils - Instantiating BootstrapContext using constructor [public org.springframework.test.context.support.DefaultBootstrapContext(java.lang.Class,org.springframework.test.context.CacheAwareContextLoaderDelegate)]
16:16:54.939 [main] DEBUG org.springframework.test.context.BootstrapUtils - Instantiating TestContextBootstrapper for test class [ vn.com.shensmartcity.selenium.welcome.HelloIT] from class [org.springframework.test.context.support.DefaultTestContextBootstrapper]
16:16:55.257 [main] DEBUG org.springframework.test.context.support.AbstractDelegatingSmartContextLoader - Delegating to GenericXmlContextLoader to process context configuration [ContextConfigurationAttributes@3febb011 declaringClass = ' vn.com.shensmartcity.selenium.welcome.HelloIT', classes = '{}', locations = '{classpath:META-INF/spring/seleniumContext.xml}', inheritLocations = true, initializers = '{}', inheritInitializers = true, name = [null], contextLoaderClass = 'org.springframework.test.context.ContextLoader'].
16:16:55.556 [main] DEBUG org.springframework.test.context.support.ActiveProfilesUtils - Could not find an 'annotation declaring class' for annotation type [org.springframework.test.context.ActiveProfiles] and class [ vn.com.shensmartcity.selenium.welcome.HelloIT]
16:16:55.561 [main] DEBUG org.springframework.test.context.support.DefaultTestContextBootstrapper - @TestExecutionListeners is not present for class [ vn.com.shensmartcity.selenium.welcome.HelloIT]: using defaults.
16:16:55.564 [main] INFO org.springframework.test.context.support.DefaultTestContextBootstrapper - Loaded default TestExecutionListener class names from location [META-INF/spring.factories]: [org.springframework.test.context.web.ServletTestExecutionListener, org.springframework.test.context.support.DirtiesContextBeforeModesTestExecutionListener, org.springframework.test.context.support.DependencyInjectionTestExecutionListener, org.springframework.test.context.support.DirtiesContextTestExecutionListener, org.springframework.test.context.transaction.TransactionalTestExecutionListener, org.springframework.test.context.jdbc.SqlScriptsTestExecutionListener]
16:16:55.594 [main] DEBUG org.springframework.test.context.support.DefaultTestContextBootstrapper - Skipping candidate TestExecutionListener [org.springframework.test.context.web.ServletTestExecutionListener] due to a missing dependency. Specify custom listener classes or make the default listener classes and their required dependencies available. Offending class: [javax/servlet/ServletContext]
16:16:55.656 [main] INFO org.springframework.test.context.support.DefaultTestContextBootstrapper - Using TestExecutionListeners: [org.springframework.test.context.support.DirtiesContextBeforeModesTestExecutionListener@74e52ef6, org.springframework.test.context.support.DependencyInjectionTestExecutionListener@6ed3ccb2, org.springframework.test.context.support.DirtiesContextTestExecutionListener@1a677343, org.springframework.test.context.transaction.TransactionalTestExecutionListener@15de0b3c, org.springframework.test.context.jdbc.SqlScriptsTestExecutionListener@489115ef]
16:16:55.776 [main] DEBUG org.springframework.test.annotation.ProfileValueUtils - Retrieved @ProfileValueSourceConfiguration [null] for test class [ vn.com.shensmartcity.selenium.welcome.HelloIT]
16:16:55.787 [main] DEBUG org.springframework.test.annotation.ProfileValueUtils - Retrieved ProfileValueSource type [class org.springframework.test.annotation.SystemProfileValueSource] for class [ vn.com.shensmartcity.selenium.welcome.HelloIT]
16:16:55.834 [main] DEBUG org.springframework.test.context.junit4.SpringJUnit4ClassRunner - SpringJUnit4ClassRunner constructor called with [class  vn.com.shensmartcity.selenium.welcome.HelloIT]
16:16:55.835 [main] DEBUG org.springframework.test.context.BootstrapUtils - Instantiating CacheAwareContextLoaderDelegate from class [org.springframework.test.context.cache.DefaultCacheAwareContextLoaderDelegate]
16:16:55.836 [main] DEBUG org.springframework.test.context.BootstrapUtils - Instantiating BootstrapContext using constructor [public org.springframework.test.context.support.DefaultBootstrapContext(java.lang.Class,org.springframework.test.context.CacheAwareContextLoaderDelegate)]
16:16:55.837 [main] DEBUG org.springframework.test.context.BootstrapUtils - Instantiating TestContextBootstrapper for test class [ vn.com.shensmartcity.selenium.welcome.HelloIT] from class [org.springframework.test.context.support.DefaultTestContextBootstrapper]
16:16:55.843 [main] DEBUG org.springframework.test.context.support.AbstractDelegatingSmartContextLoader - Delegating to GenericXmlContextLoader to process context configuration [ContextConfigurationAttributes@247bddad declaringClass = ' vn.com.shensmartcity.selenium.welcome.HelloIT', classes = '{}', locations = '{classpath:META-INF/spring/seleniumContext.xml}', inheritLocations = true, initializers = '{}', inheritInitializers = true, name = [null], contextLoaderClass = 'org.springframework.test.context.ContextLoader'].
16:16:55.845 [main] DEBUG org.springframework.test.context.support.ActiveProfilesUtils - Could not find an 'annotation declaring class' for annotation type [org.springframework.test.context.ActiveProfiles] and class [ vn.com.shensmartcity.selenium.welcome.HelloIT]
16:16:55.847 [main] DEBUG org.springframework.test.context.support.DefaultTestContextBootstrapper - @TestExecutionListeners is not present for class [ vn.com.shensmartcity.selenium.welcome.HelloIT]: using defaults.
16:16:55.847 [main] INFO org.springframework.test.context.support.DefaultTestContextBootstrapper - Loaded default TestExecutionListener class names from location [META-INF/spring.factories]: [org.springframework.test.context.web.ServletTestExecutionListener, org.springframework.test.context.support.DirtiesContextBeforeModesTestExecutionListener, org.springframework.test.context.support.DependencyInjectionTestExecutionListener, org.springframework.test.context.support.DirtiesContextTestExecutionListener, org.springframework.test.context.transaction.TransactionalTestExecutionListener, org.springframework.test.context.jdbc.SqlScriptsTestExecutionListener]
16:16:55.850 [main] DEBUG org.springframework.test.context.support.DefaultTestContextBootstrapper - Skipping candidate TestExecutionListener [org.springframework.test.context.web.ServletTestExecutionListener] due to a missing dependency. Specify custom listener classes or make the default listener classes and their required dependencies available. Offending class: [javax/servlet/ServletContext]
16:16:55.851 [main] INFO org.springframework.test.context.support.DefaultTestContextBootstrapper - Using TestExecutionListeners: [org.springframework.test.context.support.DirtiesContextBeforeModesTestExecutionListener@d35dea7, org.springframework.test.context.support.DependencyInjectionTestExecutionListener@7770f470, org.springframework.test.context.support.DirtiesContextTestExecutionListener@5e5d171f, org.springframework.test.context.transaction.TransactionalTestExecutionListener@24313fcc, org.springframework.test.context.jdbc.SqlScriptsTestExecutionListener@7d20d0b]
16:16:55.853 [main] DEBUG org.springframework.test.annotation.ProfileValueUtils - Retrieved @ProfileValueSourceConfiguration [null] for test class [ vn.com.shensmartcity.selenium.welcome.HelloIT]
16:16:55.854 [main] DEBUG org.springframework.test.annotation.ProfileValueUtils - Retrieved ProfileValueSource type [class org.springframework.test.annotation.SystemProfileValueSource] for class [ vn.com.shensmartcity.selenium.welcome.HelloIT]
16:16:55.855 [main] DEBUG org.springframework.test.annotation.ProfileValueUtils - Retrieved @ProfileValueSourceConfiguration [null] for test class [ vn.com.shensmartcity.selenium.welcome.HelloIT]
16:16:55.856 [main] DEBUG org.springframework.test.annotation.ProfileValueUtils - Retrieved ProfileValueSource type [class org.springframework.test.annotation.SystemProfileValueSource] for class [ vn.com.shensmartcity.selenium.welcome.HelloIT]
16:16:55.859 [main] DEBUG org.springframework.test.annotation.ProfileValueUtils - Retrieved @ProfileValueSourceConfiguration [null] for test class [ vn.com.shensmartcity.selenium.welcome.HelloIT]
16:16:55.859 [main] DEBUG org.springframework.test.annotation.ProfileValueUtils - Retrieved ProfileValueSource type [class org.springframework.test.annotation.SystemProfileValueSource] for class [ vn.com.shensmartcity.selenium.welcome.HelloIT]
16:16:55.869 [main] DEBUG org.springframework.test.context.support.AbstractDirtiesContextTestExecutionListener - Before test class: context [DefaultTestContext@69453e37 testClass = HelloIT, testInstance = [null], testMethod = [null], testException = [null], mergedContextConfiguration = [MergedContextConfiguration@6f4a47c7 testClass = HelloIT, locations = '{classpath:META-INF/spring/seleniumContext.xml}', classes = '{}', contextInitializerClasses = '[]', activeProfiles = '{}', propertySourceLocations = '{}', propertySourceProperties = '{}', contextCustomizers = set[[empty]], contextLoader = 'org.springframework.test.context.support.DelegatingSmartContextLoader', parent = [null]], attributes = map[[empty]]], class annotated with @DirtiesContext [false] with mode [null].
16:16:55.872 [main] DEBUG org.springframework.test.annotation.ProfileValueUtils - Retrieved @ProfileValueSourceConfiguration [null] for test class [ vn.com.shensmartcity.selenium.welcome.HelloIT]
16:16:55.872 [main] DEBUG org.springframework.test.annotation.ProfileValueUtils - Retrieved ProfileValueSource type [class org.springframework.test.annotation.SystemProfileValueSource] for class [ vn.com.shensmartcity.selenium.welcome.HelloIT]
]]></system-out>
  </testcase>
</testsuite>